Using pre-set license
Built from '2020.3/staging' branch; Version is '2020.3.26f1 (7298b473bc1a) revision 7510196'; Using compiler version '192528614'; Build Type 'Release'
OS: 'Windows 10  (10.0.19041) 64bit Education' Language: 'en' Physical Memory: 16335 MB
BatchMode: 1, IsHumanControllingUs: 0, StartBugReporterOnCrash: 0, Is64bit: 1, IsPro: 0

COMMAND LINE ARGUMENTS:
C:\Program Files\Unity\Hub\Editor\2020.3.26f1\Editor\Unity.exe
-adb2
-batchMode
-noUpm
-name
AssetImportWorker0
-projectPath
C:/Users/Nick/Documents/GitHub/FoldingMirror_ECS
-logFile
Logs/AssetImportWorker0.log
-srvPort
65286
Successfully changed project path to: C:/Users/Nick/Documents/GitHub/FoldingMirror_ECS
C:/Users/Nick/Documents/GitHub/FoldingMirror_ECS
Using Asset Import Pipeline V2.
Refreshing native plugins compatible for Editor in 61.35 ms, found 5 plugins.
Preloading 0 native plugins for Editor in 0.00 ms.
Initialize engine version: 2020.3.26f1 (7298b473bc1a)
[Subsystems] Discovering subsystems at path C:/Program Files/Unity/Hub/Editor/2020.3.26f1/Editor/Data/Resources/UnitySubsystems
[Subsystems] Discovering subsystems at path C:/Users/Nick/Documents/GitHub/FoldingMirror_ECS/Assets
GfxDevice: creating device client; threaded=0
Direct3D:
    Version:  Direct3D 11.0 [level 11.1]
    Renderer: NVIDIA GeForce GTX 960 (ID=0x1401)
    Vendor:   
    VRAM:     2007 MB
    Driver:   30.0.15.1123
Initialize mono
Mono path[0] = 'C:/Program Files/Unity/Hub/Editor/2020.3.26f1/Editor/Data/Managed'
Mono path[1] = 'C:/Program Files/Unity/Hub/Editor/2020.3.26f1/Editor/Data/MonoBleedingEdge/lib/mono/unityjit'
Mono config path = 'C:/Program Files/Unity/Hub/Editor/2020.3.26f1/Editor/Data/MonoBleedingEdge/etc'
Using monoOptions --debugger-agent=transport=dt_socket,embedding=1,server=y,suspend=n,address=127.0.0.1:56408
Begin MonoManager ReloadAssembly
Registering precompiled unity dll's ...
Register platform support module: C:/Program Files/Unity/Hub/Editor/2020.3.26f1/Editor/Data/PlaybackEngines/WebGLSupport/UnityEditor.WebGL.Extensions.dll
Register platform support module: C:/Program Files/Unity/Hub/Editor/2020.3.26f1/Editor/Data/PlaybackEngines/WindowsStandaloneSupport/UnityEditor.WindowsStandalone.Extensions.dll
Registered in 0.002308 seconds.
Native extension for WindowsStandalone target not found
Native extension for WebGL target not found
Refreshing native plugins compatible for Editor in 47.99 ms, found 5 plugins.
Preloading 0 native plugins for Editor in 0.00 ms.
Mono: successfully reloaded assembly
- Completed reload, in  0.518 seconds
Domain Reload Profiling:
	ReloadAssembly (519ms)
		BeginReloadAssembly (50ms)
			ExecutionOrderSort (0ms)
			DisableScriptedObjects (0ms)
			BackupInstance (0ms)
			ReleaseScriptingObjects (0ms)
			CreateAndSetChildDomain (1ms)
		EndReloadAssembly (400ms)
			LoadAssemblies (48ms)
			RebuildTransferFunctionScriptingTraits (0ms)
			SetupTypeCache (131ms)
			ReleaseScriptCaches (0ms)
			RebuildScriptCaches (26ms)
			SetupLoadedEditorAssemblies (157ms)
				LogAssemblyErrors (0ms)
				InitializePlatformSupportModulesInManaged (5ms)
				SetLoadedEditorAssemblies (0ms)
				RefreshPlugins (48ms)
				BeforeProcessingInitializeOnLoad (11ms)
				ProcessInitializeOnLoadAttributes (70ms)
				ProcessInitializeOnLoadMethodAttributes (23ms)
				AfterProcessingInitializeOnLoad (0ms)
				EditorAssembliesLoaded (0ms)
			ExecutionOrderSort2 (0ms)
			AwakeInstancesAfterBackupRestoration (0ms)
Platform modules already initialized, skipping
Registering precompiled user dll's ...
Registered in 0.007411 seconds.
Begin MonoManager ReloadAssembly
Native extension for WindowsStandalone target not found
Native extension for WebGL target not found
Refreshing native plugins compatible for Editor in 46.86 ms, found 5 plugins.
Preloading 0 native plugins for Editor in 0.00 ms.
Mono: successfully reloaded assembly
- Completed reload, in  1.469 seconds
Domain Reload Profiling:
	ReloadAssembly (1470ms)
		BeginReloadAssembly (134ms)
			ExecutionOrderSort (0ms)
			DisableScriptedObjects (4ms)
			BackupInstance (0ms)
			ReleaseScriptingObjects (0ms)
			CreateAndSetChildDomain (22ms)
		EndReloadAssembly (1279ms)
			LoadAssemblies (83ms)
			RebuildTransferFunctionScriptingTraits (0ms)
			SetupTypeCache (261ms)
			ReleaseScriptCaches (1ms)
			RebuildScriptCaches (55ms)
			SetupLoadedEditorAssemblies (779ms)
				LogAssemblyErrors (0ms)
				InitializePlatformSupportModulesInManaged (4ms)
				SetLoadedEditorAssemblies (0ms)
				RefreshPlugins (47ms)
				BeforeProcessingInitializeOnLoad (72ms)
				ProcessInitializeOnLoadAttributes (640ms)
				ProcessInitializeOnLoadMethodAttributes (10ms)
				AfterProcessingInitializeOnLoad (6ms)
				EditorAssembliesLoaded (0ms)
			ExecutionOrderSort2 (0ms)
			AwakeInstancesAfterBackupRestoration (5ms)
Platform modules already initialized, skipping
========================================================================
Worker process is ready to serve import requests
Launched and connected shader compiler UnityShaderCompiler.exe after 0.04 seconds
Refreshing native plugins compatible for Editor in 1.00 ms, found 5 plugins.
Preloading 0 native plugins for Editor in 0.00 ms.
Unloading 2433 Unused Serialized files (Serialized files now loaded: 0)
System memory in use before: 104.8 MB.
System memory in use after: 105.0 MB.

Unloading 81 unused Assets to reduce memory usage. Loaded Objects now: 2808.
Total: 3.542700 ms (FindLiveObjects: 0.240800 ms CreateObjectMapping: 0.062700 ms MarkObjects: 3.146900 ms  DeleteObjects: 0.091300 ms)

AssetImportParameters requested are different than current active one (requested -> active):
  custom:framework-win-MediaFoundation: 216162199b28c13a410421893ffa2e32 -> 
  custom:video-decoder-ogg-theora: a1e56fd34408186e4bbccfd4996cb3dc -> 
  custom:container-muxer-webm: aa71ff27fc2769a1b78a27578f13a17b -> 
  custom:container-demuxer-webm: 4f35f7cbe854078d1ac9338744f61a02 -> 
  custom:container-demuxer-ogg: 62fdf1f143b41e24485cea50d1cbac27 -> 
  custom:video-encoder-webm-vp8: eb34c28f22e8b96e1ab97ce403110664 -> 
  custom:video-decoder-webm-vp8: 9c59270c3fd7afecdb556c50c9e8de78 -> 
  custom:audio-decoder-ogg-vorbis: bf7c407c2cedff20999df2af8eb42d56 -> 
  custom:audio-encoder-webm-vorbis: bf7c407c2cedff20999df2af8eb42d56 -> 
========================================================================
Received Import Request.
  path: Assets/Prefabs/Trees/TreeBlack_3.prefab
  artifactKey: Guid(479a8238f5303de4a878bf4c59223581) Importer(815301076,1909f56bfc062723c751e8b465ee728b)
Start importing Assets/Prefabs/Trees/TreeBlack_3.prefab using Guid(479a8238f5303de4a878bf4c59223581) Importer(815301076,1909f56bfc062723c751e8b465ee728b)  -> (artifact id: 'cabfb830f8c086d5065af8baee2723ef') in 0.043396 seconds 
  Import took 0.047746 seconds .

========================================================================
Received Import Request.
  Time since last request: 0.000231 seconds.
  path: Assets/Prefabs/Trees/TreeBlack_2.prefab
  artifactKey: Guid(965e6636a498a1c47b67e1613b33c367) Importer(815301076,1909f56bfc062723c751e8b465ee728b)
Start importing Assets/Prefabs/Trees/TreeBlack_2.prefab using Guid(965e6636a498a1c47b67e1613b33c367) Importer(815301076,1909f56bfc062723c751e8b465ee728b)  -> (artifact id: '4e0167e23b383d648be72802d7c676f6') in 0.006014 seconds 
  Import took 0.010284 seconds .

========================================================================
Received Import Request.
  Time since last request: 0.000309 seconds.
  path: Assets/Prefabs/Trees/TreeBlack_1.prefab
  artifactKey: Guid(93031c98adac6c64cb5b9b2dbaf75a68) Importer(815301076,1909f56bfc062723c751e8b465ee728b)
Start importing Assets/Prefabs/Trees/TreeBlack_1.prefab using Guid(93031c98adac6c64cb5b9b2dbaf75a68) Importer(815301076,1909f56bfc062723c751e8b465ee728b)  -> (artifact id: 'd9c9f80719688f9f70acd03ecfe07cc4') in 0.005582 seconds 
  Import took 0.010901 seconds .

========================================================================
Received Import Request.
  Time since last request: 1.011386 seconds.
  path: Assets/Prefabs/Trees/TreeBlack_4.prefab
  artifactKey: Guid(8b56ab6d16608ed4895234ebb8907191) Importer(815301076,1909f56bfc062723c751e8b465ee728b)
Start importing Assets/Prefabs/Trees/TreeBlack_4.prefab using Guid(8b56ab6d16608ed4895234ebb8907191) Importer(815301076,1909f56bfc062723c751e8b465ee728b)  -> (artifact id: '6db73e3f1c184aaf5068f14ae5b30a3f') in 0.005992 seconds 
  Import took 0.010391 seconds .

========================================================================
Received Import Request.
  Time since last request: 4.514278 seconds.
  path: Assets/Prefabs/Trees/TreeWhite_3.prefab
  artifactKey: Guid(b612dac018bb96d43a125343dc5abf44) Importer(815301076,1909f56bfc062723c751e8b465ee728b)
Start importing Assets/Prefabs/Trees/TreeWhite_3.prefab using Guid(b612dac018bb96d43a125343dc5abf44) Importer(815301076,1909f56bfc062723c751e8b465ee728b)  -> (artifact id: '59961f2ed08dc14d53f72fd2c55d71cd') in 0.008059 seconds 
  Import took 0.012317 seconds .

========================================================================
Received Import Request.
  Time since last request: 1.424979 seconds.
  path: Assets/Prefabs/Trees/TreeWhite_1.prefab
  artifactKey: Guid(93bd781ea75ac0145b1c14c5f7235786) Importer(815301076,1909f56bfc062723c751e8b465ee728b)
Start importing Assets/Prefabs/Trees/TreeWhite_1.prefab using Guid(93bd781ea75ac0145b1c14c5f7235786) Importer(815301076,1909f56bfc062723c751e8b465ee728b)  -> (artifact id: 'daf0396e1606e6589edb858efba9a6db') in 0.009169 seconds 
  Import took 0.013626 seconds .

========================================================================
Received Import Request.
  Time since last request: 1.284920 seconds.
  path: Assets/Prefabs/Trees/TreeWhite_2.prefab
  artifactKey: Guid(6f489d40a43cc1e4f942150037d74c0a) Importer(815301076,1909f56bfc062723c751e8b465ee728b)
Start importing Assets/Prefabs/Trees/TreeWhite_2.prefab using Guid(6f489d40a43cc1e4f942150037d74c0a) Importer(815301076,1909f56bfc062723c751e8b465ee728b)  -> (artifact id: 'ae70993a44b7ea665a3c6e5a262fc161') in 0.004553 seconds 
  Import took 0.008275 seconds .

========================================================================
Received Import Request.
  Time since last request: 3.506978 seconds.
  path: Assets/Prefabs/Trees/TreeWhite_4.prefab
  artifactKey: Guid(06bc8b68e3fb77443addc6a6ba7298ce) Importer(815301076,1909f56bfc062723c751e8b465ee728b)
Start importing Assets/Prefabs/Trees/TreeWhite_4.prefab using Guid(06bc8b68e3fb77443addc6a6ba7298ce) Importer(815301076,1909f56bfc062723c751e8b465ee728b)  -> (artifact id: '86e539becff960e88928238610374f15') in 0.004573 seconds 
  Import took 0.008875 seconds .

========================================================================
Received Import Request.
  Time since last request: 148.615752 seconds.
  path: Assets/Prefabs/Trees/Treefiles
  artifactKey: Guid(111ae79d6ff32aa4e929f3ec456894b9) Importer(815301076,1909f56bfc062723c751e8b465ee728b)
Start importing Assets/Prefabs/Trees/Treefiles using Guid(111ae79d6ff32aa4e929f3ec456894b9) Importer(815301076,1909f56bfc062723c751e8b465ee728b)  -> (artifact id: 'e60a55b9b7af64c1984708034613c048') in 0.006337 seconds 
  Import took 0.010634 seconds .

========================================================================
Received Import Request.
  Time since last request: 5.451543 seconds.
  path: Assets/Prefabs/Trees/TreeWhite_4.prefab
  artifactKey: Guid(06bc8b68e3fb77443addc6a6ba7298ce) Importer(815301076,1909f56bfc062723c751e8b465ee728b)
Start importing Assets/Prefabs/Trees/TreeWhite_4.prefab using Guid(06bc8b68e3fb77443addc6a6ba7298ce) Importer(815301076,1909f56bfc062723c751e8b465ee728b)  -> (artifact id: '018c8834c2302a7e94acafc74fd9e02a') in 0.052473 seconds 
  Import took 0.056479 seconds .

========================================================================
Received Import Request.
  Time since last request: 1.506352 seconds.
  path: Assets/Prefabs/Trees/TreeWhite_3.prefab
  artifactKey: Guid(b612dac018bb96d43a125343dc5abf44) Importer(815301076,1909f56bfc062723c751e8b465ee728b)
Start importing Assets/Prefabs/Trees/TreeWhite_3.prefab using Guid(b612dac018bb96d43a125343dc5abf44) Importer(815301076,1909f56bfc062723c751e8b465ee728b)  -> (artifact id: '0fbbf2b3a15d6fd31826924d1a6d3dfc') in 0.012822 seconds 
  Import took 0.018864 seconds .

========================================================================
Received Import Request.
  Time since last request: 1.026463 seconds.
  path: Assets/Prefabs/Trees/TreeWhite_2.prefab
  artifactKey: Guid(6f489d40a43cc1e4f942150037d74c0a) Importer(815301076,1909f56bfc062723c751e8b465ee728b)
Start importing Assets/Prefabs/Trees/TreeWhite_2.prefab using Guid(6f489d40a43cc1e4f942150037d74c0a) Importer(815301076,1909f56bfc062723c751e8b465ee728b)  -> (artifact id: '15792c25a54bc50418ca8eb65a3c81be') in 0.011285 seconds 
  Import took 0.015944 seconds .

========================================================================
Received Import Request.
  Time since last request: 1.078913 seconds.
  path: Assets/Prefabs/Trees/TreeWhite_1.prefab
  artifactKey: Guid(93bd781ea75ac0145b1c14c5f7235786) Importer(815301076,1909f56bfc062723c751e8b465ee728b)
Start importing Assets/Prefabs/Trees/TreeWhite_1.prefab using Guid(93bd781ea75ac0145b1c14c5f7235786) Importer(815301076,1909f56bfc062723c751e8b465ee728b)  -> (artifact id: '6185bcd59a554b2c92b6d11c3f3b5432') in 0.010894 seconds 
  Import took 0.014844 seconds .

========================================================================
Received Import Request.
  Time since last request: 1.010983 seconds.
  path: Assets/Prefabs/Trees/TreeBlack_4.prefab
  artifactKey: Guid(8b56ab6d16608ed4895234ebb8907191) Importer(815301076,1909f56bfc062723c751e8b465ee728b)
Start importing Assets/Prefabs/Trees/TreeBlack_4.prefab using Guid(8b56ab6d16608ed4895234ebb8907191) Importer(815301076,1909f56bfc062723c751e8b465ee728b)  -> (artifact id: '7bae97f196125ffec23744fa54e0f365') in 0.010605 seconds 
  Import took 0.015243 seconds .

========================================================================
Received Import Request.
  Time since last request: 1.037560 seconds.
  path: Assets/Prefabs/Trees/TreeBlack_3.prefab
  artifactKey: Guid(479a8238f5303de4a878bf4c59223581) Importer(815301076,1909f56bfc062723c751e8b465ee728b)
Start importing Assets/Prefabs/Trees/TreeBlack_3.prefab using Guid(479a8238f5303de4a878bf4c59223581) Importer(815301076,1909f56bfc062723c751e8b465ee728b)  -> (artifact id: '53663c2987bc034fe7ad0ad8e3d73bf4') in 0.010358 seconds 
  Import took 0.014354 seconds .

========================================================================
Received Import Request.
  Time since last request: 1.154487 seconds.
  path: Assets/Prefabs/Trees/TreeBlack_2.prefab
  artifactKey: Guid(965e6636a498a1c47b67e1613b33c367) Importer(815301076,1909f56bfc062723c751e8b465ee728b)
Start importing Assets/Prefabs/Trees/TreeBlack_2.prefab using Guid(965e6636a498a1c47b67e1613b33c367) Importer(815301076,1909f56bfc062723c751e8b465ee728b)  -> (artifact id: '2760c93c3225bb0e618ad974a23cc425') in 0.015417 seconds 
  Import took 0.020471 seconds .

========================================================================
Received Import Request.
  Time since last request: 1.800586 seconds.
  path: Assets/Prefabs/Trees/TreeBlack_1.prefab
  artifactKey: Guid(93031c98adac6c64cb5b9b2dbaf75a68) Importer(815301076,1909f56bfc062723c751e8b465ee728b)
Start importing Assets/Prefabs/Trees/TreeBlack_1.prefab using Guid(93031c98adac6c64cb5b9b2dbaf75a68) Importer(815301076,1909f56bfc062723c751e8b465ee728b)  -> (artifact id: 'a4c3436aeae5bd12ad0254d0bc1119d5') in 0.011050 seconds 
  Import took 0.015010 seconds .

AssetImportWorkerClient::OnTransportError - code=2 error=End of file
